2023-04-03 02:32:49.694867 - Initialized conversion of CBT769
2023-04-03 02:32:49.994989 - Received CBT.V504.FILE769.PDS from FILE769.XMI 
2023-04-03 02:32:49.997965 - Found $$$#DATE.txt (text/plain) in CBT.V504.FILE769.PDS, moved to PDS/$$$#DATE
2023-04-03 02:32:49.999126 - Found $$$INDEX.txt (text/plain) in CBT.V504.FILE769.PDS, moved to PDS/$$$INDEX
2023-04-03 02:32:50.000452 - Found $$NOTE1.txt (text/plain) in CBT.V504.FILE769.PDS, moved to PDS/$$NOTE1
2023-04-03 02:32:50.001475 - Found $$NOTE2.txt (text/plain) in CBT.V504.FILE769.PDS, moved to PDS/$$NOTE2
2023-04-03 02:32:50.002778 - Found $$README.txt (text/plain) in CBT.V504.FILE769.PDS, moved to PDS/$$README
2023-04-03 02:32:50.004065 - Found @FILE769.txt (text/plain) in CBT.V504.FILE769.PDS, moved to PDS/@FILE769
2023-04-03 02:32:50.005239 - Found EHIASM.rexx (text/plain) in CBT.V504.FILE769.PDS, moved to PDS/EHIASM
2023-04-03 02:32:50.006465 - Found EHICOBOL.rexx (text/plain) in CBT.V504.FILE769.PDS, moved to PDS/EHICOBOL
2023-04-03 02:32:50.007520 - Found EHIHELP.rexx (text/plain) in CBT.V504.FILE769.PDS, moved to PDS/EHIHELP
2023-04-03 02:32:50.008793 - Found EHIJCL.rexx (text/plain) in CBT.V504.FILE769.PDS, moved to PDS/EHIJCL
2023-04-03 02:32:50.010061 - Found EHINONE.rexx (text/plain) in CBT.V504.FILE769.PDS, moved to PDS/EHINONE
2023-04-03 02:32:50.011302 - Found EHIPAN.rexx (text/plain) in CBT.V504.FILE769.PDS, moved to PDS/EHIPAN
2023-04-03 02:32:50.012428 - Found EHIPLI.rexx (text/plain) in CBT.V504.FILE769.PDS, moved to PDS/EHIPLI
2023-04-03 02:32:50.013433 - Found EHIREXX.rexx (text/plain) in CBT.V504.FILE769.PDS, moved to PDS/EHIREXX
2023-04-03 02:32:50.014457 - Found EHISUPC.rexx (text/plain) in CBT.V504.FILE769.PDS, moved to PDS/EHISUPC
2023-04-03 02:32:50.015723 - Found EHISUPP.rexx (text/plain) in CBT.V504.FILE769.PDS, moved to PDS/EHISUPP
2023-04-03 02:32:50.016877 - Found EHIXMIT.rexx (text/plain) in CBT.V504.FILE769.PDS, moved to PDS/EHIXMIT
2023-04-03 02:32:50.017808 - Found EHIZIP.rexx (text/plain) in CBT.V504.FILE769.PDS, moved to PDS/EHIZIP
2023-04-03 02:32:50.017819 - Found EPANQ.bin containing application/octet-stream, moved to PDS/EPANQ
2023-04-03 02:32:50.019595 - Found GETVAR.rexx (text/plain) in CBT.V504.FILE769.PDS, moved to PDS/GETVAR
2023-04-03 02:32:50.020466 - Found GPLV3.rexx (text/plain) in CBT.V504.FILE769.PDS, moved to PDS/GPLV3
2023-04-03 02:32:50.021343 - Found MAKECBT.rexx (text/plain) in CBT.V504.FILE769.PDS, moved to PDS/MAKECBT
2023-04-03 02:32:50.022254 - Found QH.rexx (text/plain) in CBT.V504.FILE769.PDS, moved to PDS/QH
